2012/08/12 20:25:49 [error] [exception.CDbException] exception 'CDbException' with message 'CDbConnection failed to open the DB connection: could not find driver' in /home/u337133/skoda.e-produce.ru/yii/framework/db/CDbConnection.php:382
Stack trace:
#0 /home/u337133/skoda.e-produce.ru/yii/framework/db/CDbConnection.php(331): CDbConnection->open()
#1 /home/u337133/skoda.e-produce.ru/yii/framework/db/CDbConnection.php(309): CDbConnection->setActive(true)
#2 /home/u337133/skoda.e-produce.ru/yii/framework/base/CModule.php(388): CDbConnection->init()
#3 /home/u337133/skoda.e-produce.ru/yii/framework/base/CModule.php(104): CModule->getComponent('db')
#4 /home/u337133/skoda.e-produce.ru/yii/framework/gii/generators/model/ModelCode.php(56): CModule->__get('db')
#5 /home/u337133/skoda.e-produce.ru/yii/framework/web/CFormModel.php(40): ModelCode->init()
#6 /home/u337133/skoda.e-produce.ru/yii/framework/gii/CCodeGenerator.php(154): CFormModel->__construct()
#7 /home/u337133/skoda.e-produce.ru/yii/framework/gii/CCodeGenerator.php(64): CCodeGenerator->prepare()
#8 /home/u337133/skoda.e-produce.ru/yii/framework/web/actions/CInlineAction.php(50): CCodeGenerator->actionIndex()
#9 /home/u337133/skoda.e-produce.ru/yii/framework/web/CController.php(309): CInlineAction->runWithParams(Array)
#10 /home/u337133/skoda.e-produce.ru/yii/framework/web/CController.php(287): CController->runAction(Object(CInlineAction))
#11 /home/u337133/skoda.e-produce.ru/yii/framework/web/CController.php(266): CController->runActionWithFilters(Object(CInlineAction), Array)
#12 /home/u337133/skoda.e-produce.ru/yii/framework/web/CWebApplication.php(283): CController->run('')
#13 /home/u337133/skoda.e-produce.ru/yii/framework/web/CWebApplication.php(142): CWebApplication->runController('gii/model')
#14 /home/u337133/skoda.e-produce.ru/yii/framework/base/CApplication.php(162): CWebApplication->processRequest()
#15 /home/u337133/skoda.e-produce.ru/www/index.php(13): CApplication->run()
#16 {main}
REQUEST_URI=/index.php?r=gii/model
HTTP_REFERER=http://skoda.e-produce.ru/index.php?r=gii/default/index
---
2012/08/13 19:01:16 [error] [php] date(): It is not safe to rely on the system's timezone settings. You are *required* to use the date.timezone setting or the date_default_timezone_set() function. In case you used any of those methods and you are still getting this warning, you most likely misspelled the timezone identifier. We selected 'Asia/Dubai' for '4.0/no DST' instead (C:\WorkSpace\actual\skoda\Development\skoda\protected\views\layouts\main.php:51)
Stack trace:
#0 C:\WorkSpace\actual\skoda\Development\yii\framework\web\CBaseController.php(96): SiteController->renderInternal()
#1 C:\WorkSpace\actual\skoda\Development\yii\framework\web\widgets\CContentDecorator.php(77): SiteController->renderFile()
#2 C:\WorkSpace\actual\skoda\Development\yii\framework\web\widgets\CContentDecorator.php(55): CContentDecorator->decorate()
#3 C:\WorkSpace\actual\skoda\Development\yii\framework\web\widgets\COutputProcessor.php(45): CContentDecorator->processOutput()
#4 C:\WorkSpace\actual\skoda\Development\yii\framework\web\CBaseController.php(207): CContentDecorator->run()
#5 C:\WorkSpace\actual\skoda\Development\yii\framework\web\CBaseController.php(301): SiteController->endWidget()
#6 C:\WorkSpace\actual\skoda\Development\skoda\protected\views\layouts\column1.php(6): SiteController->endContent()
#7 C:\WorkSpace\actual\skoda\Development\yii\framework\web\CBaseController.php(127): require()
#8 C:\WorkSpace\actual\skoda\Development\yii\framework\web\CBaseController.php(96): SiteController->renderInternal()
#9 C:\WorkSpace\actual\skoda\Development\yii\framework\web\CController.php(785): SiteController->renderFile()
#10 C:\WorkSpace\actual\skoda\Development\skoda\protected\controllers\SiteController.php(32): SiteController->render()
#11 C:\WorkSpace\actual\skoda\Development\yii\framework\web\actions\CInlineAction.php(50): SiteController->actionIndex()
#12 C:\WorkSpace\actual\skoda\Development\yii\framework\web\CController.php(309): CInlineAction->runWithParams()
#13 C:\WorkSpace\actual\skoda\Development\yii\framework\web\CController.php(287): SiteController->runAction()
#14 C:\WorkSpace\actual\skoda\Development\yii\framework\web\CController.php(266): SiteController->runActionWithFilters()
#15 C:\WorkSpace\actual\skoda\Development\yii\framework\web\CWebApplication.php(276): SiteController->run()
#16 C:\WorkSpace\actual\skoda\Development\yii\framework\web\CWebApplication.php(135): CWebApplication->runController()
#17 C:\WorkSpace\actual\skoda\Development\yii\framework\base\CApplication.php(162): CWebApplication->processRequest()
#18 C:\WorkSpace\actual\skoda\Development\skoda\index.php(13): CWebApplication->run()
REQUEST_URI=/
in C:\WorkSpace\actual\skoda\Development\skoda\protected\views\layouts\main.php (51)
in C:\WorkSpace\actual\skoda\Development\skoda\protected\views\layouts\column1.php (6)
in C:\WorkSpace\actual\skoda\Development\skoda\protected\controllers\SiteController.php (32)
2012/08/13 19:17:19 [error] [exception.CDbException] exception 'CDbException' with message 'CDbConnection failed to open the DB connection: SQLSTATE[28000] [1045] Access denied for user 'root'@'localhost' (using password: NO)' in C:\WorkSpace\actual\skoda\Development\yii\framework\db\CDbConnection.php:382
Stack trace:
#0 C:\WorkSpace\actual\skoda\Development\yii\framework\db\CDbConnection.php(331): CDbConnection->open()
#1 C:\WorkSpace\actual\skoda\Development\yii\framework\db\CDbConnection.php(309): CDbConnection->setActive(true)
#2 C:\WorkSpace\actual\skoda\Development\yii\framework\base\CModule.php(388): CDbConnection->init()
#3 C:\WorkSpace\actual\skoda\Development\yii\framework\base\CApplication.php(431): CModule->getComponent('db')
#4 C:\WorkSpace\actual\skoda\Development\yii\framework\db\ar\CActiveRecord.php(615): CApplication->getDb()
#5 C:\WorkSpace\actual\skoda\Development\yii\framework\db\ar\CActiveRecord.php(2263): CActiveRecord->getDbConnection()
#6 C:\WorkSpace\actual\skoda\Development\yii\framework\db\ar\CActiveRecord.php(379): CActiveRecordMetaData->__construct(Object(Users))
#7 C:\WorkSpace\actual\skoda\Development\yii\framework\db\ar\CActiveRecord.php(394): CActiveRecord::model('Users')
#8 C:\WorkSpace\actual\skoda\Development\yii\framework\db\ar\CActiveRecord.php(78): CActiveRecord->getMetaData()
#9 C:\WorkSpace\actual\skoda\Development\skoda\protected\controllers\SiteController.php(104): CActiveRecord->__construct()
#10 C:\WorkSpace\actual\skoda\Development\yii\framework\web\actions\CInlineAction.php(50): SiteController->actionRegister()
#11 C:\WorkSpace\actual\skoda\Development\yii\framework\web\CController.php(309): CInlineAction->runWithParams(Array)
#12 C:\WorkSpace\actual\skoda\Development\yii\framework\web\CController.php(287): CController->runAction(Object(CInlineAction))
#13 C:\WorkSpace\actual\skoda\Development\yii\framework\web\CController.php(266): CController->runActionWithFilters(Object(CInlineAction), Array)
#14 C:\WorkSpace\actual\skoda\Development\yii\framework\web\CWebApplication.php(276): CController->run('register')
#15 C:\WorkSpace\actual\skoda\Development\yii\framework\web\CWebApplication.php(135): CWebApplication->runController('site/register')
#16 C:\WorkSpace\actual\skoda\Development\yii\framework\base\CApplication.php(162): CWebApplication->processRequest()
#17 C:\WorkSpace\actual\skoda\Development\skoda\index.php(13): CApplication->run()
#18 {main}
REQUEST_URI=/index.php?r=site/register
---
2012/08/13 19:25:38 [warning] [application] Failed to set unsafe attribute "photo" of "RegisterForm".
in C:\WorkSpace\actual\skoda\Development\skoda\protected\controllers\SiteController.php (116)
in C:\WorkSpace\actual\skoda\Development\skoda\index.php (13)
2012/08/13 19:27:09 [warning] [application] Failed to set unsafe attribute "photo" of "RegisterForm".
in C:\WorkSpace\actual\skoda\Development\skoda\protected\controllers\SiteController.php (116)
in C:\WorkSpace\actual\skoda\Development\skoda\index.php (13)
2012/08/13 19:27:55 [warning] [application] Failed to set unsafe attribute "photo" of "RegisterForm".
in C:\WorkSpace\actual\skoda\Development\skoda\protected\controllers\SiteController.php (118)
in C:\WorkSpace\actual\skoda\Development\skoda\index.php (13)
2012/08/13 19:29:02 [warning] [application] Failed to set unsafe attribute "photo" of "RegisterForm".
in C:\WorkSpace\actual\skoda\Development\skoda\protected\controllers\SiteController.php (118)
in C:\WorkSpace\actual\skoda\Development\skoda\index.php (13)
2012/08/13 19:32:15 [warning] [application] Failed to set unsafe attribute "photo" of "RegisterForm".
in C:\WorkSpace\actual\skoda\Development\skoda\protected\controllers\SiteController.php (118)
in C:\WorkSpace\actual\skoda\Development\skoda\index.php (13)
2012/08/13 19:33:01 [warning] [application] Failed to set unsafe attribute "photo" of "RegisterForm".
in C:\WorkSpace\actual\skoda\Development\skoda\protected\controllers\SiteController.php (118)
in C:\WorkSpace\actual\skoda\Development\skoda\index.php (13)
2012/08/13 19:34:24 [warning] [application] Failed to set unsafe attribute "photo" of "RegisterForm".
in C:\WorkSpace\actual\skoda\Development\skoda\protected\controllers\SiteController.php (118)
in C:\WorkSpace\actual\skoda\Development\skoda\index.php (13)
2012/08/13 19:44:19 [warning] [application] Failed to set unsafe attribute "photo" of "Users".
in C:\WorkSpace\actual\skoda\Development\skoda\protected\controllers\SiteController.php (115)
in C:\WorkSpace\actual\skoda\Development\skoda\index.php (13)
2012/08/13 19:44:40 [warning] [application] Failed to set unsafe attribute "photo" of "Users".
in C:\WorkSpace\actual\skoda\Development\skoda\protected\controllers\SiteController.php (115)
in C:\WorkSpace\actual\skoda\Development\skoda\index.php (13)
2012/08/13 19:44:40 [error] [exception.CException] exception 'CException' with message 'Table "tbl_companies" does not have a column named "company".' in C:\WorkSpace\actual\skoda\Development\yii\framework\validators\CExistValidator.php:75
Stack trace:
#0 C:\WorkSpace\actual\skoda\Development\yii\framework\validators\CValidator.php(197): CExistValidator->validateAttribute(Object(Users), 'company')
#1 C:\WorkSpace\actual\skoda\Development\yii\framework\base\CModel.php(158): CValidator->validate(Object(Users), NULL)
#2 C:\WorkSpace\actual\skoda\Development\yii\framework\db\ar\CActiveRecord.php(786): CModel->validate(NULL)
#3 C:\WorkSpace\actual\skoda\Development\skoda\protected\controllers\SiteController.php(120): CActiveRecord->save()
#4 C:\WorkSpace\actual\skoda\Development\yii\framework\web\actions\CInlineAction.php(50): SiteController->actionRegister()
#5 C:\WorkSpace\actual\skoda\Development\yii\framework\web\CController.php(309): CInlineAction->runWithParams(Array)
#6 C:\WorkSpace\actual\skoda\Development\yii\framework\web\CController.php(287): CController->runAction(Object(CInlineAction))
#7 C:\WorkSpace\actual\skoda\Development\yii\framework\web\CController.php(266): CController->runActionWithFilters(Object(CInlineAction), Array)
#8 C:\WorkSpace\actual\skoda\Development\yii\framework\web\CWebApplication.php(276): CController->run('register')
#9 C:\WorkSpace\actual\skoda\Development\yii\framework\web\CWebApplication.php(135): CWebApplication->runController('site/register')
#10 C:\WorkSpace\actual\skoda\Development\yii\framework\base\CApplication.php(162): CWebApplication->processRequest()
#11 C:\WorkSpace\actual\skoda\Development\skoda\index.php(13): CApplication->run()
#12 {main}
REQUEST_URI=/index.php?r=site/register
HTTP_REFERER=http://skoda.local/index.php?r=site/register
---
2012/08/13 19:45:51 [warning] [application] Failed to set unsafe attribute "photo" of "Users".
in C:\WorkSpace\actual\skoda\Development\skoda\protected\controllers\SiteController.php (115)
in C:\WorkSpace\actual\skoda\Development\skoda\index.php (13)
2012/08/13 19:48:29 [warning] [application] Failed to set unsafe attribute "photo" of "Users".
in C:\WorkSpace\actual\skoda\Development\skoda\protected\controllers\SiteController.php (115)
in C:\WorkSpace\actual\skoda\Development\skoda\index.php (13)
2012/08/13 19:48:48 [warning] [application] Failed to set unsafe attribute "photo" of "Users".
in C:\WorkSpace\actual\skoda\Development\skoda\protected\controllers\SiteController.php (115)
in C:\WorkSpace\actual\skoda\Development\skoda\index.php (13)
2012/08/13 19:48:55 [warning] [application] Failed to set unsafe attribute "photo" of "Users".
in C:\WorkSpace\actual\skoda\Development\skoda\protected\controllers\SiteController.php (115)
in C:\WorkSpace\actual\skoda\Development\skoda\index.php (13)
2012/08/13 19:49:00 [warning] [application] Failed to set unsafe attribute "photo" of "Users".
in C:\WorkSpace\actual\skoda\Development\skoda\protected\controllers\SiteController.php (115)
in C:\WorkSpace\actual\skoda\Development\skoda\index.php (13)
2012/08/13 19:49:00 [error] [system.db.CDbCommand] CDbCommand::execute() failed: SQLSTATE[HY000]: General error: 1364 Field 'photo' doesn't have a default value. The SQL statement executed was: INSERT INTO `tbl_users` (`status`, `email`, `password`, `first_name`, `surname`, `last_name`, `phone`, `company`, `city`, `position`, `activation`) VALUES (:yp0, :yp1, :yp2, :yp3, :yp4, :yp5, :yp6, :yp7, :yp8, :yp9, :yp10).
in C:\WorkSpace\actual\skoda\Development\skoda\protected\controllers\SiteController.php (120)
in C:\WorkSpace\actual\skoda\Development\skoda\index.php (13)
2012/08/13 19:49:00 [error] [exception.CDbException] exception 'CDbException' with message 'CDbCommand failed to execute the SQL statement: SQLSTATE[HY000]: General error: 1364 Field 'photo' doesn't have a default value. The SQL statement executed was: INSERT INTO `tbl_users` (`status`, `email`, `password`, `first_name`, `surname`, `last_name`, `phone`, `company`, `city`, `position`, `activation`) VALUES (:yp0, :yp1, :yp2, :yp3, :yp4, :yp5, :yp6, :yp7, :yp8, :yp9, :yp10)' in C:\WorkSpace\actual\skoda\Development\yii\framework\db\CDbCommand.php:354
Stack trace:
#0 C:\WorkSpace\actual\skoda\Development\yii\framework\db\ar\CActiveRecord.php(1014): CDbCommand->execute()
#1 C:\WorkSpace\actual\skoda\Development\yii\framework\db\ar\CActiveRecord.php(787): CActiveRecord->insert(NULL)
#2 C:\WorkSpace\actual\skoda\Development\skoda\protected\controllers\SiteController.php(120): CActiveRecord->save()
#3 C:\WorkSpace\actual\skoda\Development\yii\framework\web\actions\CInlineAction.php(50): SiteController->actionRegister()
#4 C:\WorkSpace\actual\skoda\Development\yii\framework\web\CController.php(309): CInlineAction->runWithParams(Array)
#5 C:\WorkSpace\actual\skoda\Development\yii\framework\web\CController.php(287): CController->runAction(Object(CInlineAction))
#6 C:\WorkSpace\actual\skoda\Development\yii\framework\web\CController.php(266): CController->runActionWithFilters(Object(CInlineAction), Array)
#7 C:\WorkSpace\actual\skoda\Development\yii\framework\web\CWebApplication.php(276): CController->run('register')
#8 C:\WorkSpace\actual\skoda\Development\yii\framework\web\CWebApplication.php(135): CWebApplication->runController('site/register')
#9 C:\WorkSpace\actual\skoda\Development\yii\framework\base\CApplication.php(162): CWebApplication->processRequest()
#10 C:\WorkSpace\actual\skoda\Development\skoda\index.php(13): CApplication->run()
#11 {main}
REQUEST_URI=/index.php?r=site/register
HTTP_REFERER=http://skoda.local/index.php?r=site/register
---
2012/08/13 19:51:59 [warning] [application] Failed to set unsafe attribute "photo" of "Users".
in C:\WorkSpace\actual\skoda\Development\skoda\protected\controllers\SiteController.php (115)
in C:\WorkSpace\actual\skoda\Development\skoda\index.php (13)
2012/08/13 19:51:59 [error] [system.db.CDbCommand] CDbCommand::execute() failed: SQLSTATE[HY000]: General error: 1364 Field 'photo' doesn't have a default value. The SQL statement executed was: INSERT INTO `tbl_users` (`status`, `email`, `password`, `first_name`, `surname`, `last_name`, `phone`, `company`, `city`, `position`, `activation`) VALUES (:yp0, :yp1, :yp2, :yp3, :yp4, :yp5, :yp6, :yp7, :yp8, :yp9, :yp10).
in C:\WorkSpace\actual\skoda\Development\skoda\protected\controllers\SiteController.php (122)
in C:\WorkSpace\actual\skoda\Development\skoda\index.php (13)
2012/08/13 19:51:59 [error] [exception.CDbException] exception 'CDbException' with message 'CDbCommand failed to execute the SQL statement: SQLSTATE[HY000]: General error: 1364 Field 'photo' doesn't have a default value. The SQL statement executed was: INSERT INTO `tbl_users` (`status`, `email`, `password`, `first_name`, `surname`, `last_name`, `phone`, `company`, `city`, `position`, `activation`) VALUES (:yp0, :yp1, :yp2, :yp3, :yp4, :yp5, :yp6, :yp7, :yp8, :yp9, :yp10)' in C:\WorkSpace\actual\skoda\Development\yii\framework\db\CDbCommand.php:354
Stack trace:
#0 C:\WorkSpace\actual\skoda\Development\yii\framework\db\ar\CActiveRecord.php(1014): CDbCommand->execute()
#1 C:\WorkSpace\actual\skoda\Development\yii\framework\db\ar\CActiveRecord.php(787): CActiveRecord->insert(NULL)
#2 C:\WorkSpace\actual\skoda\Development\skoda\protected\controllers\SiteController.php(122): CActiveRecord->save()
#3 C:\WorkSpace\actual\skoda\Development\yii\framework\web\actions\CInlineAction.php(50): SiteController->actionRegister()
#4 C:\WorkSpace\actual\skoda\Development\yii\framework\web\CController.php(309): CInlineAction->runWithParams(Array)
#5 C:\WorkSpace\actual\skoda\Development\yii\framework\web\CController.php(287): CController->runAction(Object(CInlineAction))
#6 C:\WorkSpace\actual\skoda\Development\yii\framework\web\CController.php(266): CController->runActionWithFilters(Object(CInlineAction), Array)
#7 C:\WorkSpace\actual\skoda\Development\yii\framework\web\CWebApplication.php(276): CController->run('register')
#8 C:\WorkSpace\actual\skoda\Development\yii\framework\web\CWebApplication.php(135): CWebApplication->runController('site/register')
#9 C:\WorkSpace\actual\skoda\Development\yii\framework\base\CApplication.php(162): CWebApplication->processRequest()
#10 C:\WorkSpace\actual\skoda\Development\skoda\index.php(13): CApplication->run()
#11 {main}
REQUEST_URI=/index.php?r=site/register
HTTP_REFERER=http://skoda.local/index.php?r=site/register
---
2012/08/13 19:53:02 [warning] [application] Failed to set unsafe attribute "photo" of "Users".
in C:\WorkSpace\actual\skoda\Development\skoda\protected\controllers\SiteController.php (115)
in C:\WorkSpace\actual\skoda\Development\skoda\index.php (13)
2012/08/13 19:53:02 [error] [system.db.CDbCommand] CDbCommand::execute() failed: SQLSTATE[HY000]: General error: 1364 Field 'photo' doesn't have a default value. The SQL statement executed was: INSERT INTO `tbl_users` (`status`, `email`, `password`, `first_name`, `surname`, `last_name`, `phone`, `company`, `city`, `position`, `activation`) VALUES (:yp0, :yp1, :yp2, :yp3, :yp4, :yp5, :yp6, :yp7, :yp8, :yp9, :yp10).
in C:\WorkSpace\actual\skoda\Development\skoda\protected\controllers\SiteController.php (122)
in C:\WorkSpace\actual\skoda\Development\skoda\index.php (13)
2012/08/13 19:53:02 [error] [exception.CDbException] exception 'CDbException' with message 'CDbCommand failed to execute the SQL statement: SQLSTATE[HY000]: General error: 1364 Field 'photo' doesn't have a default value. The SQL statement executed was: INSERT INTO `tbl_users` (`status`, `email`, `password`, `first_name`, `surname`, `last_name`, `phone`, `company`, `city`, `position`, `activation`) VALUES (:yp0, :yp1, :yp2, :yp3, :yp4, :yp5, :yp6, :yp7, :yp8, :yp9, :yp10)' in C:\WorkSpace\actual\skoda\Development\yii\framework\db\CDbCommand.php:354
Stack trace:
#0 C:\WorkSpace\actual\skoda\Development\yii\framework\db\ar\CActiveRecord.php(1014): CDbCommand->execute()
#1 C:\WorkSpace\actual\skoda\Development\yii\framework\db\ar\CActiveRecord.php(787): CActiveRecord->insert(NULL)
#2 C:\WorkSpace\actual\skoda\Development\skoda\protected\controllers\SiteController.php(122): CActiveRecord->save()
#3 C:\WorkSpace\actual\skoda\Development\yii\framework\web\actions\CInlineAction.php(50): SiteController->actionRegister()
#4 C:\WorkSpace\actual\skoda\Development\yii\framework\web\CController.php(309): CInlineAction->runWithParams(Array)
#5 C:\WorkSpace\actual\skoda\Development\yii\framework\web\CController.php(287): CController->runAction(Object(CInlineAction))
#6 C:\WorkSpace\actual\skoda\Development\yii\framework\web\CController.php(266): CController->runActionWithFilters(Object(CInlineAction), Array)
#7 C:\WorkSpace\actual\skoda\Development\yii\framework\web\CWebApplication.php(276): CController->run('register')
#8 C:\WorkSpace\actual\skoda\Development\yii\framework\web\CWebApplication.php(135): CWebApplication->runController('site/register')
#9 C:\WorkSpace\actual\skoda\Development\yii\framework\base\CApplication.php(162): CWebApplication->processRequest()
#10 C:\WorkSpace\actual\skoda\Development\skoda\index.php(13): CApplication->run()
#11 {main}
REQUEST_URI=/index.php?r=site/register
HTTP_REFERER=http://skoda.local/index.php?r=site/register
---
2012/08/13 19:58:30 [warning] [application] Failed to set unsafe attribute "photo" of "Users".
in C:\WorkSpace\actual\skoda\Development\skoda\protected\controllers\SiteController.php (115)
in C:\WorkSpace\actual\skoda\Development\skoda\index.php (13)
2012/08/13 19:58:30 [error] [system.db.CDbCommand] CDbCommand::execute() failed: SQLSTATE[HY000]: General error: 1364 Field 'photo' doesn't have a default value. The SQL statement executed was: INSERT INTO `tbl_users` (`status`, `email`, `password`, `first_name`, `surname`, `last_name`, `phone`, `company`, `city`, `position`, `activation`) VALUES (:yp0, :yp1, :yp2, :yp3, :yp4, :yp5, :yp6, :yp7, :yp8, :yp9, :yp10).
in C:\WorkSpace\actual\skoda\Development\skoda\protected\controllers\SiteController.php (122)
in C:\WorkSpace\actual\skoda\Development\skoda\index.php (13)
2012/08/13 19:58:30 [error] [exception.CDbException] exception 'CDbException' with message 'CDbCommand failed to execute the SQL statement: SQLSTATE[HY000]: General error: 1364 Field 'photo' doesn't have a default value. The SQL statement executed was: INSERT INTO `tbl_users` (`status`, `email`, `password`, `first_name`, `surname`, `last_name`, `phone`, `company`, `city`, `position`, `activation`) VALUES (:yp0, :yp1, :yp2, :yp3, :yp4, :yp5, :yp6, :yp7, :yp8, :yp9, :yp10)' in C:\WorkSpace\actual\skoda\Development\yii\framework\db\CDbCommand.php:354
Stack trace:
#0 C:\WorkSpace\actual\skoda\Development\yii\framework\db\ar\CActiveRecord.php(1014): CDbCommand->execute()
#1 C:\WorkSpace\actual\skoda\Development\yii\framework\db\ar\CActiveRecord.php(787): CActiveRecord->insert(NULL)
#2 C:\WorkSpace\actual\skoda\Development\skoda\protected\controllers\SiteController.php(122): CActiveRecord->save()
#3 C:\WorkSpace\actual\skoda\Development\yii\framework\web\actions\CInlineAction.php(50): SiteController->actionRegister()
#4 C:\WorkSpace\actual\skoda\Development\yii\framework\web\CController.php(309): CInlineAction->runWithParams(Array)
#5 C:\WorkSpace\actual\skoda\Development\yii\framework\web\CController.php(287): CController->runAction(Object(CInlineAction))
#6 C:\WorkSpace\actual\skoda\Development\yii\framework\web\CController.php(266): CController->runActionWithFilters(Object(CInlineAction), Array)
#7 C:\WorkSpace\actual\skoda\Development\yii\framework\web\CWebApplication.php(276): CController->run('register')
#8 C:\WorkSpace\actual\skoda\Development\yii\framework\web\CWebApplication.php(135): CWebApplication->runController('site/register')
#9 C:\WorkSpace\actual\skoda\Development\yii\framework\base\CApplication.php(162): CWebApplication->processRequest()
#10 C:\WorkSpace\actual\skoda\Development\skoda\index.php(13): CApplication->run()
#11 {main}
REQUEST_URI=/index.php?r=site/register
HTTP_REFERER=http://skoda.local/index.php?r=site/register
---
2012/08/13 20:00:48 [warning] [application] Failed to set unsafe attribute "photo" of "Users".
in C:\WorkSpace\actual\skoda\Development\skoda\protected\controllers\SiteController.php (115)
in C:\WorkSpace\actual\skoda\Development\skoda\index.php (13)
2012/08/13 20:00:48 [error] [system.db.CDbCommand] CDbCommand::execute() failed: SQLSTATE[HY000]: General error: 1364 Field 'photo' doesn't have a default value. The SQL statement executed was: INSERT INTO `tbl_users` (`status`, `email`, `password`, `first_name`, `surname`, `last_name`, `phone`, `company`, `city`, `position`, `activation`) VALUES (:yp0, :yp1, :yp2, :yp3, :yp4, :yp5, :yp6, :yp7, :yp8, :yp9, :yp10).
in C:\WorkSpace\actual\skoda\Development\skoda\protected\controllers\SiteController.php (122)
in C:\WorkSpace\actual\skoda\Development\skoda\index.php (13)
2012/08/13 20:00:48 [error] [exception.CDbException] exception 'CDbException' with message 'CDbCommand failed to execute the SQL statement: SQLSTATE[HY000]: General error: 1364 Field 'photo' doesn't have a default value. The SQL statement executed was: INSERT INTO `tbl_users` (`status`, `email`, `password`, `first_name`, `surname`, `last_name`, `phone`, `company`, `city`, `position`, `activation`) VALUES (:yp0, :yp1, :yp2, :yp3, :yp4, :yp5, :yp6, :yp7, :yp8, :yp9, :yp10)' in C:\WorkSpace\actual\skoda\Development\yii\framework\db\CDbCommand.php:354
Stack trace:
#0 C:\WorkSpace\actual\skoda\Development\yii\framework\db\ar\CActiveRecord.php(1014): CDbCommand->execute()
#1 C:\WorkSpace\actual\skoda\Development\yii\framework\db\ar\CActiveRecord.php(787): CActiveRecord->insert(NULL)
#2 C:\WorkSpace\actual\skoda\Development\skoda\protected\controllers\SiteController.php(122): CActiveRecord->save()
#3 C:\WorkSpace\actual\skoda\Development\yii\framework\web\actions\CInlineAction.php(50): SiteController->actionRegister()
#4 C:\WorkSpace\actual\skoda\Development\yii\framework\web\CController.php(309): CInlineAction->runWithParams(Array)
#5 C:\WorkSpace\actual\skoda\Development\yii\framework\web\CController.php(287): CController->runAction(Object(CInlineAction))
#6 C:\WorkSpace\actual\skoda\Development\yii\framework\web\CController.php(266): CController->runActionWithFilters(Object(CInlineAction), Array)
#7 C:\WorkSpace\actual\skoda\Development\yii\framework\web\CWebApplication.php(276): CController->run('register')
#8 C:\WorkSpace\actual\skoda\Development\yii\framework\web\CWebApplication.php(135): CWebApplication->runController('site/register')
#9 C:\WorkSpace\actual\skoda\Development\yii\framework\base\CApplication.php(162): CWebApplication->processRequest()
#10 C:\WorkSpace\actual\skoda\Development\skoda\index.php(13): CApplication->run()
#11 {main}
REQUEST_URI=/index.php?r=site/register
HTTP_REFERER=http://skoda.local/index.php?r=site/register
---
2012/08/13 20:06:13 [error] [php] mail(): Failed to connect to mailserver at "localhost" port 25, verify your "SMTP" and "smtp_port" setting in php.ini or use ini_set() (C:\WorkSpace\actual\skoda\Development\skoda\protected\controllers\SiteController.php:144)
Stack trace:
#0 C:\WorkSpace\actual\skoda\Development\yii\framework\web\CController.php(309): CInlineAction->runWithParams()
#1 C:\WorkSpace\actual\skoda\Development\yii\framework\web\CController.php(287): SiteController->runAction()
#2 C:\WorkSpace\actual\skoda\Development\yii\framework\web\CController.php(266): SiteController->runActionWithFilters()
#3 C:\WorkSpace\actual\skoda\Development\yii\framework\web\CWebApplication.php(276): SiteController->run()
#4 C:\WorkSpace\actual\skoda\Development\yii\framework\web\CWebApplication.php(135): CWebApplication->runController()
#5 C:\WorkSpace\actual\skoda\Development\yii\framework\base\CApplication.php(162): CWebApplication->processRequest()
#6 C:\WorkSpace\actual\skoda\Development\skoda\index.php(13): CWebApplication->run()
REQUEST_URI=/index.php?r=site/register
in C:\WorkSpace\actual\skoda\Development\skoda\protected\controllers\SiteController.php (144)
in C:\WorkSpace\actual\skoda\Development\skoda\index.php (13)
2012/08/13 20:15:23 [error] [php] mail(): It is not safe to rely on the system's timezone settings. You are *required* to use the date.timezone setting or the date_default_timezone_set() function. In case you used any of those methods and you are still getting this warning, you most likely misspelled the timezone identifier. We selected 'Asia/Dubai' for '4.0/no DST' instead (C:\WorkSpace\actual\skoda\Development\skoda\protected\controllers\SiteController.php:145)
Stack trace:
#0 C:\WorkSpace\actual\skoda\Development\yii\framework\web\CController.php(309): CInlineAction->runWithParams()
#1 C:\WorkSpace\actual\skoda\Development\yii\framework\web\CController.php(287): SiteController->runAction()
#2 C:\WorkSpace\actual\skoda\Development\yii\framework\web\CController.php(266): SiteController->runActionWithFilters()
#3 C:\WorkSpace\actual\skoda\Development\yii\framework\web\CWebApplication.php(276): SiteController->run()
#4 C:\WorkSpace\actual\skoda\Development\yii\framework\web\CWebApplication.php(135): CWebApplication->runController()
#5 C:\WorkSpace\actual\skoda\Development\yii\framework\base\CApplication.php(162): CWebApplication->processRequest()
#6 C:\WorkSpace\actual\skoda\Development\skoda\index.php(13): CWebApplication->run()
REQUEST_URI=/index.php?r=site/register
in C:\WorkSpace\actual\skoda\Development\skoda\protected\controllers\SiteController.php (145)
in C:\WorkSpace\actual\skoda\Development\skoda\index.php (13)
2012/08/17 14:12:10 [error] [exception.CException] exception 'CException' with message 'SiteController cannot find the requested view "messages/registration".' in C:\WorkSpace\actual\skoda\Development\yii\framework\web\CController.php:879
Stack trace:
#0 C:\WorkSpace\actual\skoda\Development\skoda\protected\controllers\SiteController.php(136): CController->renderPartial('messages/regist...', Array)
#1 C:\WorkSpace\actual\skoda\Development\yii\framework\web\actions\CInlineAction.php(50): SiteController->actionRegister()
#2 C:\WorkSpace\actual\skoda\Development\yii\framework\web\CController.php(309): CInlineAction->runWithParams(Array)
#3 C:\WorkSpace\actual\skoda\Development\yii\framework\web\CController.php(287): CController->runAction(Object(CInlineAction))
#4 C:\WorkSpace\actual\skoda\Development\yii\framework\web\CController.php(266): CController->runActionWithFilters(Object(CInlineAction), Array)
#5 C:\WorkSpace\actual\skoda\Development\yii\framework\web\CWebApplication.php(276): CController->run('register')
#6 C:\WorkSpace\actual\skoda\Development\yii\framework\web\CWebApplication.php(135): CWebApplication->runController('site/register')
#7 C:\WorkSpace\actual\skoda\Development\yii\framework\base\CApplication.php(162): CWebApplication->processRequest()
#8 C:\WorkSpace\actual\skoda\Development\skoda\index.php(13): CApplication->run()
#9 {main}
REQUEST_URI=/index.php?r=site/register
HTTP_REFERER=http://skoda.local/index.php?r=site/register
---
2012/08/17 14:13:59 [error] [php] Trying to get property of non-object (C:\WorkSpace\actual\skoda\Development\skoda\protected\views\messages\registration.php:4)
Stack trace:
#0 C:\WorkSpace\actual\skoda\Development\yii\framework\web\CController.php(870): SiteController->renderFile()
#1 C:\WorkSpace\actual\skoda\Development\skoda\protected\controllers\SiteController.php(136): SiteController->renderPartial()
#2 C:\WorkSpace\actual\skoda\Development\yii\framework\web\actions\CInlineAction.php(50): SiteController->actionRegister()
#3 C:\WorkSpace\actual\skoda\Development\yii\framework\web\CController.php(309): CInlineAction->runWithParams()
#4 C:\WorkSpace\actual\skoda\Development\yii\framework\web\CController.php(287): SiteController->runAction()
#5 C:\WorkSpace\actual\skoda\Development\yii\framework\web\CController.php(266): SiteController->runActionWithFilters()
#6 C:\WorkSpace\actual\skoda\Development\yii\framework\web\CWebApplication.php(276): SiteController->run()
#7 C:\WorkSpace\actual\skoda\Development\yii\framework\web\CWebApplication.php(135): CWebApplication->runController()
#8 C:\WorkSpace\actual\skoda\Development\yii\framework\base\CApplication.php(162): CWebApplication->processRequest()
#9 C:\WorkSpace\actual\skoda\Development\skoda\index.php(13): CWebApplication->run()
REQUEST_URI=/index.php?r=site/register
in C:\WorkSpace\actual\skoda\Development\skoda\protected\views\messages\registration.php (4)
in C:\WorkSpace\actual\skoda\Development\skoda\protected\controllers\SiteController.php (136)
in C:\WorkSpace\actual\skoda\Development\skoda\index.php (13)
2012/08/17 15:46:39 [error] [exception.CException] exception 'CException' with message 'Alias "ext.eauth.EAuthWidget" is invalid. Make sure it points to an existing PHP file.' in C:\WorkSpace\actual\skoda\Development\yii\framework\YiiBase.php:318
Stack trace:
#0 C:\WorkSpace\actual\skoda\Development\yii\framework\web\CWidgetFactory.php(147): YiiBase::import('ext.eauth.EAuth...', true)
#1 C:\WorkSpace\actual\skoda\Development\yii\framework\web\CBaseController.php(147): CWidgetFactory->createWidget(Object(SiteController), 'ext.eauth.EAuth...', Array)
#2 C:\WorkSpace\actual\skoda\Development\yii\framework\web\CBaseController.php(173): CBaseController->createWidget('ext.eauth.EAuth...', Array)
#3 C:\WorkSpace\actual\skoda\Development\skoda\protected\views\site\index.php(5): CBaseController->widget('ext.eauth.EAuth...', Array)
#4 C:\WorkSpace\actual\skoda\Development\yii\framework\web\CBaseController.php(127): require('C:\WorkSpace\ac...')
#5 C:\WorkSpace\actual\skoda\Development\yii\framework\web\CBaseController.php(96): CBaseController->renderInternal('C:\WorkSpace\ac...', NULL, true)
#6 C:\WorkSpace\actual\skoda\Development\yii\framework\web\CController.php(870): CBaseController->renderFile('C:\WorkSpace\ac...', NULL, true)
#7 C:\WorkSpace\actual\skoda\Development\yii\framework\web\CController.php(783): CController->renderPartial('index', NULL, true)
#8 C:\WorkSpace\actual\skoda\Development\skoda\protected\controllers\SiteController.php(32): CController->render('index')
#9 C:\WorkSpace\actual\skoda\Development\yii\framework\web\actions\CInlineAction.php(50): SiteController->actionIndex()
#10 C:\WorkSpace\actual\skoda\Development\yii\framework\web\CController.php(309): CInlineAction->runWithParams(Array)
#11 C:\WorkSpace\actual\skoda\Development\yii\framework\web\CController.php(287): CController->runAction(Object(CInlineAction))
#12 C:\WorkSpace\actual\skoda\Development\yii\framework\web\CController.php(266): CController->runActionWithFilters(Object(CInlineAction), Array)
#13 C:\WorkSpace\actual\skoda\Development\yii\framework\web\CWebApplication.php(276): CController->run('')
#14 C:\WorkSpace\actual\skoda\Development\yii\framework\web\CWebApplication.php(135): CWebApplication->runController('')
#15 C:\WorkSpace\actual\skoda\Development\yii\framework\base\CApplication.php(162): CWebApplication->processRequest()
#16 C:\WorkSpace\actual\skoda\Development\skoda\index.php(13): CApplication->run()
#17 {main}
REQUEST_URI=/
---
2012/08/17 15:47:12 [error] [php] include(FacebookOAuthService.php): failed to open stream: No such file or directory (C:\WorkSpace\actual\skoda\Development\yii\framework\YiiBase.php:418)
Stack trace:
#0 C:\WorkSpace\actual\skoda\Development\skoda\protected\extensions\eauth\EAuth.php(112): spl_autoload_call()
#1 C:\WorkSpace\actual\skoda\Development\skoda\protected\extensions\eauth\EAuth.php(56): EAuth->getIdentity()
#2 C:\WorkSpace\actual\skoda\Development\skoda\protected\extensions\eauth\EAuthWidget.php(56): EAuth->getServices()
#3 C:\WorkSpace\actual\skoda\Development\yii\framework\web\CBaseController.php(148): EAuthWidget->init()
#4 C:\WorkSpace\actual\skoda\Development\yii\framework\web\CBaseController.php(173): SiteController->createWidget()
#5 C:\WorkSpace\actual\skoda\Development\skoda\protected\views\site\index.php(5): SiteController->widget()
#6 C:\WorkSpace\actual\skoda\Development\yii\framework\web\CBaseController.php(127): require()
#7 C:\WorkSpace\actual\skoda\Development\yii\framework\web\CBaseController.php(96): SiteController->renderInternal()
#8 C:\WorkSpace\actual\skoda\Development\yii\framework\web\CController.php(870): SiteController->renderFile()
#9 C:\WorkSpace\actual\skoda\Development\yii\framework\web\CController.php(783): SiteController->renderPartial()
#10 C:\WorkSpace\actual\skoda\Development\skoda\protected\controllers\SiteController.php(32): SiteController->render()
#11 C:\WorkSpace\actual\skoda\Development\yii\framework\web\actions\CInlineAction.php(50): SiteController->actionIndex()
#12 C:\WorkSpace\actual\skoda\Development\yii\framework\web\CController.php(309): CInlineAction->runWithParams()
#13 C:\WorkSpace\actual\skoda\Development\yii\framework\web\CController.php(287): SiteController->runAction()
#14 C:\WorkSpace\actual\skoda\Development\yii\framework\web\CController.php(266): SiteController->runActionWithFilters()
#15 C:\WorkSpace\actual\skoda\Development\yii\framework\web\CWebApplication.php(276): SiteController->run()
#16 C:\WorkSpace\actual\skoda\Development\yii\framework\web\CWebApplication.php(135): CWebApplication->runController()
#17 C:\WorkSpace\actual\skoda\Development\yii\framework\base\CApplication.php(162): CWebApplication->processRequest()
#18 C:\WorkSpace\actual\skoda\Development\skoda\index.php(13): CWebApplication->run()
REQUEST_URI=/
in C:\WorkSpace\actual\skoda\Development\skoda\protected\extensions\eauth\EAuth.php (112)
in C:\WorkSpace\actual\skoda\Development\skoda\protected\extensions\eauth\EAuth.php (56)
in C:\WorkSpace\actual\skoda\Development\skoda\protected\extensions\eauth\EAuthWidget.php (56)
2012/08/17 15:49:08 [error] [php] include(FacebookOAuthService.php): failed to open stream: No such file or directory (C:\WorkSpace\actual\skoda\Development\yii\framework\YiiBase.php:418)
Stack trace:
#0 C:\WorkSpace\actual\skoda\Development\skoda\protected\extensions\eauth\EAuth.php(112): spl_autoload_call()
#1 C:\WorkSpace\actual\skoda\Development\skoda\protected\extensions\eauth\EAuth.php(56): EAuth->getIdentity()
#2 C:\WorkSpace\actual\skoda\Development\skoda\protected\extensions\eauth\EAuthWidget.php(56): EAuth->getServices()
#3 C:\WorkSpace\actual\skoda\Development\yii\framework\web\CBaseController.php(148): EAuthWidget->init()
#4 C:\WorkSpace\actual\skoda\Development\yii\framework\web\CBaseController.php(173): SiteController->createWidget()
#5 C:\WorkSpace\actual\skoda\Development\skoda\protected\views\site\index.php(5): SiteController->widget()
#6 C:\WorkSpace\actual\skoda\Development\yii\framework\web\CBaseController.php(127): require()
#7 C:\WorkSpace\actual\skoda\Development\yii\framework\web\CBaseController.php(96): SiteController->renderInternal()
#8 C:\WorkSpace\actual\skoda\Development\yii\framework\web\CController.php(870): SiteController->renderFile()
#9 C:\WorkSpace\actual\skoda\Development\yii\framework\web\CController.php(783): SiteController->renderPartial()
#10 C:\WorkSpace\actual\skoda\Development\skoda\protected\controllers\SiteController.php(32): SiteController->render()
#11 C:\WorkSpace\actual\skoda\Development\yii\framework\web\actions\CInlineAction.php(50): SiteController->actionIndex()
#12 C:\WorkSpace\actual\skoda\Development\yii\framework\web\CController.php(309): CInlineAction->runWithParams()
#13 C:\WorkSpace\actual\skoda\Development\yii\framework\web\CController.php(287): SiteController->runAction()
#14 C:\WorkSpace\actual\skoda\Development\yii\framework\web\CController.php(266): SiteController->runActionWithFilters()
#15 C:\WorkSpace\actual\skoda\Development\yii\framework\web\CWebApplication.php(276): SiteController->run()
#16 C:\WorkSpace\actual\skoda\Development\yii\framework\web\CWebApplication.php(135): CWebApplication->runController()
#17 C:\WorkSpace\actual\skoda\Development\yii\framework\base\CApplication.php(162): CWebApplication->processRequest()
#18 C:\WorkSpace\actual\skoda\Development\skoda\index.php(13): CWebApplication->run()
REQUEST_URI=/
in C:\WorkSpace\actual\skoda\Development\skoda\protected\extensions\eauth\EAuth.php (112)
in C:\WorkSpace\actual\skoda\Development\skoda\protected\extensions\eauth\EAuth.php (56)
in C:\WorkSpace\actual\skoda\Development\skoda\protected\extensions\eauth\EAuthWidget.php (56)
2012/08/17 15:51:25 [error] [system.db.CDbCommand] CDbCommand::execute() failed: SQLSTATE[01000]: Warning: 1265 Data truncated for column 'source' at row 1. The SQL statement executed was: INSERT INTO `tbl_votes` (`contest_item_id`, `source`, `user_identity`) VALUES (:yp0, :yp1, :yp2).
in C:\WorkSpace\actual\skoda\Development\skoda\protected\controllers\VotesController.php (26)
in C:\WorkSpace\actual\skoda\Development\skoda\index.php (13)
2012/08/17 15:51:25 [error] [exception.CDbException] exception 'CDbException' with message 'CDbCommand failed to execute the SQL statement: SQLSTATE[01000]: Warning: 1265 Data truncated for column 'source' at row 1. The SQL statement executed was: INSERT INTO `tbl_votes` (`contest_item_id`, `source`, `user_identity`) VALUES (:yp0, :yp1, :yp2)' in C:\WorkSpace\actual\skoda\Development\yii\framework\db\CDbCommand.php:354
Stack trace:
#0 C:\WorkSpace\actual\skoda\Development\yii\framework\db\ar\CActiveRecord.php(1014): CDbCommand->execute()
#1 C:\WorkSpace\actual\skoda\Development\yii\framework\db\ar\CActiveRecord.php(787): CActiveRecord->insert(NULL)
#2 C:\WorkSpace\actual\skoda\Development\skoda\protected\controllers\VotesController.php(26): CActiveRecord->save()
#3 C:\WorkSpace\actual\skoda\Development\yii\framework\web\actions\CInlineAction.php(50): VotesController->actionAdd()
#4 C:\WorkSpace\actual\skoda\Development\yii\framework\web\CController.php(309): CInlineAction->runWithParams(Array)
#5 C:\WorkSpace\actual\skoda\Development\yii\framework\web\CController.php(287): CController->runAction(Object(CInlineAction))
#6 C:\WorkSpace\actual\skoda\Development\yii\framework\web\CController.php(266): CController->runActionWithFilters(Object(CInlineAction), Array)
#7 C:\WorkSpace\actual\skoda\Development\yii\framework\web\CWebApplication.php(276): CController->run('add')
#8 C:\WorkSpace\actual\skoda\Development\yii\framework\web\CWebApplication.php(135): CWebApplication->runController('votes/add')
#9 C:\WorkSpace\actual\skoda\Development\yii\framework\base\CApplication.php(162): CWebApplication->processRequest()
#10 C:\WorkSpace\actual\skoda\Development\skoda\index.php(13): CApplication->run()
#11 {main}
REQUEST_URI=/index.php?r=votes%2Fadd&service=facebook&code=AQBAI68OYPRc3k-m7l7F-qB0dU8xRBFEw6eH88LOMORb8YzaY1zbnTS4xwEosmwOCfR1jmX1jKtNuFFBYuWEG6fM7JuyNFRubdJElYmJRanMGOBeQhz6WMnOJx0AUXH6771sYGYsv26VuE1hglpw0QljDJ6WGBRtlTztk_XfpLJvbJtgDNwA5DelX_XtoarsjCU
---
2012/08/17 15:53:39 [error] [system.db.CDbCommand] CDbCommand::execute() failed: SQLSTATE[23000]: Integrity constraint violation: 1452 Cannot add or update a child row: a foreign key constraint fails (`skoda`.`tbl_votes`, CONSTRAINT `tbl_votes_ibfk_1` FOREIGN KEY (`contest_item_id`) REFERENCES `tbl_contest_items` (`id`)). The SQL statement executed was: INSERT INTO `tbl_votes` (`contest_item_id`, `source`, `user_identity`) VALUES (:yp0, :yp1, :yp2).
in C:\WorkSpace\actual\skoda\Development\skoda\protected\controllers\VotesController.php (26)
in C:\WorkSpace\actual\skoda\Development\skoda\index.php (13)
2012/08/17 15:53:39 [error] [exception.CDbException] exception 'CDbException' with message 'CDbCommand failed to execute the SQL statement: SQLSTATE[23000]: Integrity constraint violation: 1452 Cannot add or update a child row: a foreign key constraint fails (`skoda`.`tbl_votes`, CONSTRAINT `tbl_votes_ibfk_1` FOREIGN KEY (`contest_item_id`) REFERENCES `tbl_contest_items` (`id`)). The SQL statement executed was: INSERT INTO `tbl_votes` (`contest_item_id`, `source`, `user_identity`) VALUES (:yp0, :yp1, :yp2)' in C:\WorkSpace\actual\skoda\Development\yii\framework\db\CDbCommand.php:354
Stack trace:
#0 C:\WorkSpace\actual\skoda\Development\yii\framework\db\ar\CActiveRecord.php(1014): CDbCommand->execute()
#1 C:\WorkSpace\actual\skoda\Development\yii\framework\db\ar\CActiveRecord.php(787): CActiveRecord->insert(NULL)
#2 C:\WorkSpace\actual\skoda\Development\skoda\protected\controllers\VotesController.php(26): CActiveRecord->save()
#3 C:\WorkSpace\actual\skoda\Development\yii\framework\web\actions\CInlineAction.php(50): VotesController->actionAdd()
#4 C:\WorkSpace\actual\skoda\Development\yii\framework\web\CController.php(309): CInlineAction->runWithParams(Array)
#5 C:\WorkSpace\actual\skoda\Development\yii\framework\web\CController.php(287): CController->runAction(Object(CInlineAction))
#6 C:\WorkSpace\actual\skoda\Development\yii\framework\web\CController.php(266): CController->runActionWithFilters(Object(CInlineAction), Array)
#7 C:\WorkSpace\actual\skoda\Development\yii\framework\web\CWebApplication.php(276): CController->run('add')
#8 C:\WorkSpace\actual\skoda\Development\yii\framework\web\CWebApplication.php(135): CWebApplication->runController('votes/add')
#9 C:\WorkSpace\actual\skoda\Development\yii\framework\base\CApplication.php(162): CWebApplication->processRequest()
#10 C:\WorkSpace\actual\skoda\Development\skoda\index.php(13): CApplication->run()
#11 {main}
REQUEST_URI=/index.php?r=votes/add&service=facebook&redirect_uri=http%3A%2F%2Fskoda.local%2Findex.php%3Fr%3Dvotes%2Fadd%26service%3Dfacebook&js
HTTP_REFERER=http://skoda.local/index.php
---
